2024-11-23 16:41:04,843 - INFO - Moved breeezy trump.jpg to Images.
2024-11-23 16:41:04,843 - INFO - Moved images.jpg to Images.
2024-11-23 16:41:04,843 - INFO - Moved opfeoiefojsefiojsfoijsfosfio.jpg to Images.
2024-11-23 16:41:04,843 - INFO - Moved Skjermbilde 2024-04-24 201002.png to Images.
2024-11-23 16:41:04,843 - INFO - Moved Skjermbilde 2024-04-24 220810.png to Images.
2024-11-23 16:41:04,843 - INFO - Moved Skjermbilde 2024-04-26 175539.png to Images.
2024-11-23 16:41:04,843 - INFO - Moved Skjermbilde 2024-04-29 095159.png to Images.
2024-11-23 16:41:04,860 - INFO - Moved Skjermbilde 2024-04-29 103157.png to Images.
2024-11-23 16:41:04,861 - INFO - Moved Skjermbilde 2024-04-29 145915.png to Images.
2024-11-23 16:41:04,861 - INFO - Moved Skjermbilde 2024-05-03 102633.png to Images.
2024-11-23 16:41:04,861 - INFO - Moved Skjermbilde 2024-05-15 122754.png to Images.
2024-11-23 16:41:04,862 - INFO - Moved Skjermbilde 2024-05-15 131321.png to Images.
2024-11-23 16:41:04,862 - INFO - Moved Skjermbilde 2024-05-16 102612.png to Images.
2024-11-23 16:41:04,862 - INFO - Moved Skjermbilde 2024-05-24 173613.png to Images.
2024-11-23 16:41:04,862 - INFO - Moved Skjermbilde 2024-05-24 173630.png to Images.
2024-11-23 16:41:04,863 - INFO - Moved Skjermbilde 2024-05-24 173719.png to Images.
2024-11-23 16:41:04,863 - INFO - Moved Skjermbilde 2024-05-24 173957.png to Images.
2024-11-23 16:41:04,864 - INFO - Moved Skjermbilde 2024-05-24 174054.png to Images.
2024-11-23 16:41:04,864 - INFO - Moved Skjermbilde 2024-05-24 174117.png to Images.
2024-11-23 16:41:04,865 - INFO - Moved Skjermbilde 2024-05-24 174136.png to Images.
2024-11-23 16:41:04,865 - INFO - Moved Skjermbilde 2024-05-26 110818.png to Images.
2024-11-23 16:41:04,865 - INFO - Moved Skjermbilde 2024-05-26 110901.png to Images.
2024-11-23 16:41:04,866 - INFO - Moved Skjermbilde 2024-05-26 112409.png to Images.
2024-11-23 16:41:04,866 - INFO - Moved Skjermbilde 2024-05-26 114431.png to Images.
2024-11-23 16:41:04,866 - INFO - Moved Skjermbilde 2024-05-27 110627.png to Images.
2024-11-23 16:41:04,866 - INFO - Moved Skjermbilde 2024-05-27 110804.png to Images.
2024-11-23 16:41:04,866 - INFO - Moved Skjermbilde 2024-05-29 100843.png to Images.
2024-11-23 16:41:04,866 - INFO - Moved Skjermbilde 2024-05-29 104021.png to Images.
2024-11-23 16:41:04,867 - INFO - Moved Skjermbilde 2024-05-29 104205.png to Images.
2024-11-23 16:41:04,867 - INFO - Moved zoom breezy.png to Images.
2024-11-23 16:41:04,867 - INFO - Moved README.md to Others.
2024-11-23 16:41:04,868 - INFO - Moved 37.3126 126.5536.txt to Text.
